To honour the JVM settings for this build a single-use Daemon process will be forked. For more on this, please refer to https://docs.gradle.org/8.6/userguide/gradle_daemon.html#sec:disabling_the_daemon in the Gradle documentation.
Daemon will be stopped at the end of the build 
Warning: SDK processing. This version only understands SDK XML versions up to 3 but an SDK XML file of version 4 was encountered. This can happen if you use versions of Android Studio and the command-line tools that were released at different times.
> Task :clean
> Task :preBuild UP-TO-DATE
> Task :preDebugBuild UP-TO-DATE
> Task :mergeDebugNativeDebugMetadata NO-SOURCE
> Task :checkKotlinGradlePluginConfigurationErrors
> Task :generateDebugResValues
> Task :checkDebugAarMetadata
> Task :mapDebugSourceSetPaths
> Task :generateDebugResources
> Task :packageDebugResources
> Task :createDebugCompatibleScreenManifests
> Task :extractDeepLinksDebug
> Task :parseDebugLocalResources
> Task :processDebugMainManifest
> Task :processDebugManifest
> Task :javaPreCompileDebug
> Task :mergeDebugShaders
> Task :compileDebugShaders NO-SOURCE
> Task :generateDebugAssets UP-TO-DATE
> Task :mergeDebugResources
> Task :mergeDebugAssets
> Task :compressDebugAssets
> Task :desugarDebugFileDependencies
> Task :mergeDebugJniLibFolders
> Task :mergeDebugNativeLibs NO-SOURCE
> Task :stripDebugDebugSymbols NO-SOURCE
> Task :checkDebugDuplicateClasses
> Task :validateSigningDebug
> Task :writeDebugAppMetadata
> Task :mergeLibDexDebug
> Task :writeDebugSigningConfigVersions
> Task :processDebugManifestForPackage
> Task :processDebugResources
> Task :mergeExtDexDebug

> Task :compileDebugKotlin
w: file:///Users/danlazarescu/green_delivery/green-go-client/src/main/kotlin/green/go/LoginActivity.kt:47:49 Condition 'body.token != null' is always 'true'
w: file:///Users/danlazarescu/green_delivery/green-go-client/src/main/kotlin/green/go/ProfileFragment.kt:25:13 Variable 'token' is never used

> Task :compileDebugJavaWithJavac NO-SOURCE
> Task :processDebugJavaRes
> Task :mergeDebugJavaResource
> Task :dexBuilderDebug
> Task :mergeProjectDexDebug
> Task :packageDebug
> Task :createDebugApkListingFileRedirect
> Task :assembleDebug

BUILD SUCCESSFUL in 8s
33 actionable tasks: 33 executed
